Build started 2/28/2014 7:21:59 PM.
     1>Project "C:\Workspace\HydroTEM\HydroTEM.vcxproj" on node 2 (build target(s)).
     1>InitializeBuildStatus:
         Creating "Debug\HydroTEM.unsuccessfulbuild" because "AlwaysCreate" was specified.
       ClCompile:
         c:\Program Files (x86)\Microsoft Visual Studio 10.0\VC\bin\CL.exe /c /ZI /nologo /W3 /WX- /Od /Oy- /D _MBCS /Gm /EHsc /RTC1 /MDd /GS /fp:precise /Zc:wchar_t /Zc:forScope /Fo"Debug\\" /Fd"Debug\vc100.pdb" /Gd /TP /analyze- /errorReport:prompt src\shared.cpp
         shared.cpp
       Link:
         c:\Program Files (x86)\Microsoft Visual Studio 10.0\VC\bin\link.exe /ERRORREPORT:PROMPT /OUT:"C:\Workspace\HydroTEM\Debug\HydroTEM.exe" /NOLOGO kernel32.lib user32.lib gdi32.lib winspool.lib comdlg32.lib advapi32.lib shell32.lib ole32.lib oleaut32.lib uuid.lib odbc32.lib odbccp32.lib /MANIFEST /ManifestFile:"Debug\HydroTEM.exe.intermediate.manifest" /MANIFESTUAC:"level='asInvoker' uiAccess='false'" /DEBUG /PDB:"C:\Workspace\HydroTEM\Debug\HydroTEM.pdb" /TLBID:1 /DYNAMICBASE /NXCOMPAT /IMPLIB:"C:\Workspace\HydroTEM\Debug\HydroTEM.lib" /MACHINE:X86 Debug\atmosphere.obj
         Debug\DataIO.obj
         Debug\Date.obj
         Debug\geology.obj
         Debug\HydroTEM.obj
         Debug\microbe.obj
         Debug\parameter.obj
         Debug\permafrost.obj
         Debug\shared.obj
         Debug\snow.obj
         Debug\soil.obj
         Debug\TEM.obj
         Debug\vegetation.obj
         LINK : C:\Workspace\HydroTEM\Debug\HydroTEM.exe not found or not built by the last incremental link; performing full link
         HydroTEM.vcxproj -> C:\Workspace\HydroTEM\Debug\HydroTEM.exe
       Manifest:
         C:\Program Files (x86)\Microsoft SDKs\Windows\v7.0A\bin\mt.exe /nologo /verbose /outputresource:"C:\Workspace\HydroTEM\Debug\HydroTEM.exe;#1" /manifest Debug\HydroTEM.exe.intermediate.manifest
       FinalizeBuildStatus:
         Deleting file "Debug\HydroTEM.unsuccessfulbuild".
         Touching "Debug\HydroTEM.lastbuildstate".
     1>Done Building Project "C:\Workspace\HydroTEM\HydroTEM.vcxproj" (build target(s)).

Build succeeded.

Time Elapsed 00:00:00.37
